<?xml version="1.0" encoding="UTF-8"?>
<!-- Generated by org.testng.reporters.JUnitXMLReporter -->
<testsuite hostname="DESKTOP-FF6Q8S9" ignored="7" name="Surefire test" tests="6" failures="0" timestamp="15 Jan 2021 02:12:37 GMT" time="8.376" errors="0">
  <testcase name="@BeforeTest testSetup" time="0.009" classname="com.orangeHRM.qa.tests.JobTitlesPageTest">
    <failure type="java.lang.NullPointerException">
      <![CDATA[java.lang.NullPointerException
at com.orangeHRM.qa.tests.JobTitlesPageTest.testSetup(JobTitlesPageTest.java:21)
... Removed 29 stack frames]]>
    </failure>
  </testcase> <!-- @BeforeTest testSetup -->
  <testcase name="@BeforeClass ClassSetUp" time="0.0" classname="com.orangeHRM.qa.tests.HomePageTest">
    <skipped/>
  </testcase> <!-- @BeforeClass ClassSetUp -->
  <testcase name="@BeforeClass beforeClassSetup" time="0.0" classname="com.orangeHRM.qa.tests.LoginPageTest">
    <skipped/>
  </testcase> <!-- @BeforeClass beforeClassSetup -->
  <testcase name="@AfterTest tearDown" time="0.0" classname="com.orangeHRM.qa.tests.BaseTest">
    <skipped/>
  </testcase> <!-- @AfterTest tearDown -->
  <testcase name="dasboardPage" time="0.0" classname="com.orangeHRM.qa.tests.HomePageTest">
    <skipped/>
  </testcase> <!-- dasboardPage -->
  <testcase name="jobPageTitleTest" time="0.0" classname="com.orangeHRM.qa.tests.JobTitlesPageTest">
    <skipped/>
  </testcase> <!-- jobPageTitleTest -->
  <testcase name="LoginErrMsgTest" time="0.0" classname="com.orangeHRM.qa.tests.LoginPageTest">
    <skipped/>
  </testcase> <!-- LoginErrMsgTest -->
  <testcase name="footerlinkTest" time="0.0" classname="com.orangeHRM.qa.tests.LoginPageTest">
    <skipped/>
  </testcase> <!-- footerlinkTest -->
  <testcase name="incorrectUsrPwdTest" time="0.0" classname="com.orangeHRM.qa.tests.LoginPageTest">
    <skipped/>
  </testcase> <!-- incorrectUsrPwdTest -->
  <testcase name="titleTest" time="0.0" classname="com.orangeHRM.qa.tests.LoginPageTest">
    <skipped/>
  </testcase> <!-- titleTest -->
  <testcase name="addJobTitleTest" time="0.0" classname="com.orangeHRM.qa.tests.JobTitlesPageTest">
    <ignored/>
  </testcase> <!-- addJobTitleTest -->
  <testcase name="@BeforeTest setUp" time="0.0" classname="com.orangeHRM.qa.tests.BaseTest">
    <ignored/>
  </testcase> <!-- @BeforeTest setUp -->
  <testcase name="@BeforeTest setUp" time="0.0" classname="com.orangeHRM.qa.tests.BaseTest">
    <ignored/>
  </testcase> <!-- @BeforeTest setUp -->
  <testcase name="@BeforeTest setUp" time="0.0" classname="com.orangeHRM.qa.tests.BaseTest">
    <ignored/>
  </testcase> <!-- @BeforeTest setUp -->
  <testcase name="@AfterTest tearDown" time="0.0" classname="com.orangeHRM.qa.tests.BaseTest">
    <ignored/>
  </testcase> <!-- @AfterTest tearDown -->
  <testcase name="@AfterTest tearDown" time="0.0" classname="com.orangeHRM.qa.tests.BaseTest">
    <ignored/>
  </testcase> <!-- @AfterTest tearDown -->
  <testcase name="@AfterTest tearDown" time="0.0" classname="com.orangeHRM.qa.tests.BaseTest">
    <ignored/>
  </testcase> <!-- @AfterTest tearDown -->
</testsuite> <!-- Surefire test -->
