<?xml version="1.0" encoding="UTF-8"?>
<!-- Generated by org.testng.reporters.JUnitXMLReporter -->
<testsuite ignored="3" hostname="DESKTOP-FF6Q8S9" failures="0" tests="1" name="Default test" time="7.99" errors="0" timestamp="07 Jan 2021 16:36:40 GMT">
  <testcase classname="com.orangeHRM.qa.tests.LoginPageTest" name="titleTest" time="0.025"/>
  <testcase classname="com.orangeHRM.qa.tests.LoginPageTest" name="footerlinkTest" time="0.0">
    <ignored/>
  </testcase> <!-- footerlinkTest -->
  <testcase classname="com.orangeHRM.qa.tests.LoginPageTest" name="incorrectUsrPwdTest" time="0.0">
    <ignored/>
  </testcase> <!-- incorrectUsrPwdTest -->
  <testcase classname="com.orangeHRM.qa.tests.LoginPageTest" name="LoginErrMsgTest" time="0.0">
    <ignored/>
  </testcase> <!-- LoginErrMsgTest -->
</testsuite> <!-- Default test -->
