<?xml version="1.0" encoding="UTF-8"?>
<testsuite xmlns:xsi="http://www.w3.org/2001/XMLSchema-instance" xsi:noNamespaceSchemaLocation="https://maven.apache.org/surefire/maven-surefire-plugin/xsd/surefire-test-report.xsd" name="TestSuite" time="31.32" tests="13" errors="0" skipped="12" failures="1">
  <properties>
[...]
</properties>
  <testcase name="testSetup" classname="com.orangeHRM.qa.tests.BaseTest" time="31.254">
    <failure type="java.lang.NullPointerException">java.lang.NullPointerException
</failure>
    <system-out><![CDATA[Base Test setup
]]></system-out>
    <system-err><![CDATA[SLF4J: Failed to load class "org.slf4j.impl.StaticLoggerBinder".
SLF4J: Defaulting to no-operation (NOP) logger implementation
SLF4J: See http://www.slf4j.org/codes.html#StaticLoggerBinder for further details.
Starting ChromeDriver 87.0.4280.88 (89e2380a3e36c3464b5dd1302349b1382549290d-refs/branch-heads/4280@{#1761}) on port 13943
Only local connections are allowed.
Please see https://chromedriver.chromium.org/security-considerations for suggestions on keeping ChromeDriver safe.
ChromeDriver was started successfully.
Jan 18, 2021 4:50:23 PM org.openqa.selenium.remote.ProtocolHandshake createSession
INFO: Detected dialect: W3C
]]></system-err>
  </testcase>
  <testcase name="ClassSetUp" classname="com.orangeHRM.qa.tests.HomePageTest" time="0">
    <skipped/>
  </testcase>
  <testcase name="dasboardPage" classname="com.orangeHRM.qa.tests.HomePageTest" time="0">
    <skipped/>
  </testcase>
  <testcase name="addJobTitleTest" classname="com.orangeHRM.qa.tests.JobTitlesPageTest" time="0">
    <skipped/>
    <system-out><![CDATA[ABC2ABC2C:\Users\Sharmita Bose\Desktop\Interview Prep\Interview.txtABC2
ABC3ABC3C:\Users\Sharmita Bose\Desktop\Interview Prep\Interview.txtABC3
ABC4ABC4C:\Users\Sharmita Bose\Desktop\Interview Prep\Interview.txtABC4
]]></system-out>
  </testcase>
  <testcase name="addJobTitleTest" classname="com.orangeHRM.qa.tests.JobTitlesPageTest" time="0">
    <skipped/>
  </testcase>
  <testcase name="addJobTitleTest" classname="com.orangeHRM.qa.tests.JobTitlesPageTest" time="0">
    <skipped/>
  </testcase>
  <testcase name="jobPageTitleTest" classname="com.orangeHRM.qa.tests.JobTitlesPageTest" time="0">
    <skipped/>
  </testcase>
  <testcase name="beforeClassSetup" classname="com.orangeHRM.qa.tests.LoginPageTest" time="0">
    <skipped/>
  </testcase>
  <testcase name="LoginErrMsgTest" classname="com.orangeHRM.qa.tests.LoginPageTest" time="0">
    <skipped/>
  </testcase>
  <testcase name="footerlinkTest" classname="com.orangeHRM.qa.tests.LoginPageTest" time="0">
    <skipped/>
  </testcase>
  <testcase name="incorrectUsrPwdTest" classname="com.orangeHRM.qa.tests.LoginPageTest" time="0">
    <skipped/>
  </testcase>
  <testcase name="titleTest" classname="com.orangeHRM.qa.tests.LoginPageTest" time="0">
    <skipped/>
  </testcase>
  <testcase name="tearDown" classname="com.orangeHRM.qa.tests.BaseTest" time="0">
    <skipped/>
  </testcase>
</testsuite>