-------------------------------------------------------------------------------
Test set: TestSuite
-------------------------------------------------------------------------------
Tests run: 13, Failures: 1, Errors: 0, Skipped: 12, Time elapsed: 31.32 s <<< FAILURE! - in TestSuite
testSetup(com.orangeHRM.qa.tests.BaseTest)  Time elapsed: 31.254 s  <<< FAILURE!
java.lang.NullPointerException

