<?xml version="1.0" encoding="UTF-8"?>
<!-- Generated by org.testng.reporters.JUnitXMLReporter -->
<testsuite ignored="0" hostname="DESKTOP-FF6Q8S9" failures="0" tests="4" name="Home page test" time="11.799" errors="0" timestamp="15 Jan 2021 02:21:53 GMT">
  <testcase classname="com.orangeHRM.qa.tests.LoginPageTest" name="LoginErrMsgTest" time="0.221"/>
  <testcase classname="com.orangeHRM.qa.tests.LoginPageTest" name="footerlinkTest" time="0.12"/>
  <testcase classname="com.orangeHRM.qa.tests.LoginPageTest" name="incorrectUsrPwdTest" time="2.134"/>
  <testcase classname="com.orangeHRM.qa.tests.LoginPageTest" name="titleTest" time="0.015"/>
</testsuite> <!-- Home page test -->
