<?xml version="1.0" encoding="UTF-8"?>
<!-- Generated by org.testng.reporters.JUnitXMLReporter -->
<testsuite ignored="0" hostname="DESKTOP-FF6Q8S9" failures="0" tests="4" name="Home page test" time="13.181" errors="0" timestamp="25 Jan 2021 14:52:38 GMT">
  <testcase classname="com.orangeHRM.qa.tests.LoginPageTest" name="LoginErrMsgTest" time="0.24"/>
  <testcase classname="com.orangeHRM.qa.tests.LoginPageTest" name="footerlinkTest" time="0.101"/>
  <testcase classname="com.orangeHRM.qa.tests.LoginPageTest" name="incorrectUsrPwdTest" time="2.274"/>
  <testcase classname="com.orangeHRM.qa.tests.LoginPageTest" name="titleTest" time="0.019"/>
</testsuite> <!-- Home page test -->
