<?xml version="1.0" encoding="UTF-8"?>
<!-- Generated by org.testng.reporters.JUnitXMLReporter -->
<testsuite ignored="0" hostname="DESKTOP-FF6Q8S9" failures="0" tests="4" name="Jobtitles page test" time="26.062" errors="0" timestamp="25 Jan 2021 14:53:05 GMT">
  <testcase classname="com.orangeHRM.qa.tests.JobTitlesPageTest" name="addJobTitleTest" time="7.465"/>
  <testcase classname="com.orangeHRM.qa.tests.JobTitlesPageTest" name="addJobTitleTest" time="2.339"/>
  <testcase classname="com.orangeHRM.qa.tests.JobTitlesPageTest" name="addJobTitleTest" time="2.18"/>
  <testcase classname="com.orangeHRM.qa.tests.JobTitlesPageTest" name="jobPageTitleTest" time="0.054"/>
</testsuite> <!-- Jobtitles page test -->
