<?xml version="1.0" encoding="UTF-8"?>
<!-- Generated by org.testng.reporters.JUnitXMLReporter -->
<testsuite ignored="0" hostname="DESKTOP-FF6Q8S9" failures="0" tests="4" name="Jobtitles page test" time="29.622" errors="0" timestamp="15 Jan 2021 02:22:23 GMT">
  <testcase classname="com.orangeHRM.qa.tests.JobTitlesPageTest" name="addJobTitleTest" time="9.539"/>
  <testcase classname="com.orangeHRM.qa.tests.JobTitlesPageTest" name="addJobTitleTest" time="3.202"/>
  <testcase classname="com.orangeHRM.qa.tests.JobTitlesPageTest" name="addJobTitleTest" time="2.973"/>
  <testcase classname="com.orangeHRM.qa.tests.JobTitlesPageTest" name="jobPageTitleTest" time="0.13"/>
</testsuite> <!-- Jobtitles page test -->
