<?xml version="1.0" encoding="UTF-8"?>
<testng-results ignored="0" total="1" passed="1" failed="0" skipped="0">
  <reporter-output>
  </reporter-output>
  <suite started-at="2021-01-13T00:04:31Z" name="Default suite" finished-at="2021-01-13T00:04:45Z" duration-ms="14133">
    <groups>
    </groups>
    <test started-at="2021-01-13T00:04:31Z" name="Default test" finished-at="2021-01-13T00:04:45Z" duration-ms="14133">
      <class name="com.orangeHRM.qa.tests.HomePageTest">
        <test-method is-config="true" signature="setUp()[pri:0, instance:com.orangeHRM.qa.tests.HomePageTest@4470f8a6]" started-at="2021-01-13T00:04:31Z" name="setUp" finished-at="2021-01-13T00:04:40Z" duration-ms="9072" status="PASS">
          <reporter-output>
          </reporter-output>
        </test-method> <!-- setUp -->
        <test-method is-config="true" signature="ClassSetUp()[pri:0, instance:com.orangeHRM.qa.tests.HomePageTest@4470f8a6]" started-at="2021-01-13T00:04:40Z" name="ClassSetUp" finished-at="2021-01-13T00:04:44Z" duration-ms="4147" status="PASS">
          <reporter-output>
          </reporter-output>
        </test-method> <!-- ClassSetUp -->
        <test-method signature="dasboardPage()[pri:0, instance:com.orangeHRM.qa.tests.HomePageTest@4470f8a6]" started-at="2021-01-13T00:04:44Z" name="dasboardPage" finished-at="2021-01-13T00:04:44Z" duration-ms="173" status="PASS">
          <reporter-output>
          </reporter-output>
        </test-method> <!-- dasboardPage -->
        <test-method is-config="true" signature="tearDown()[pri:0, instance:com.orangeHRM.qa.tests.HomePageTest@4470f8a6]" started-at="2021-01-13T00:04:44Z" name="tearDown" finished-at="2021-01-13T00:04:45Z" duration-ms="716" status="PASS">
          <reporter-output>
          </reporter-output>
        </test-method> <!-- tearDown -->
      </class> <!-- com.orangeHRM.qa.tests.HomePageTest -->
    </test> <!-- Default test -->
  </suite> <!-- Default suite -->
</testng-results>
