<?xml version="1.0" encoding="UTF-8"?>
<testng-results ignored="0" total="9" passed="9" failed="0" skipped="0">
  <reporter-output>
  </reporter-output>
  <suite started-at="2021-01-25T14:52:25Z" name="BaseTestExecutionEx" finished-at="2021-01-25T14:53:04Z" duration-ms="39294">
    <groups>
    </groups>
    <test started-at="2021-01-25T14:52:25Z" name="Home page test" finished-at="2021-01-25T14:52:38Z" duration-ms="13181">
      <class name="com.orangeHRM.qa.tests.LoginPageTest">
        <test-method is-config="true" signature="setUp()[pri:0, instance:com.orangeHRM.qa.tests.LoginPageTest@1fb700ee]" started-at="2021-01-25T14:52:25Z" name="setUp" finished-at="2021-01-25T14:52:34Z" duration-ms="9469" status="PASS">
          <reporter-output>
          </reporter-output>
        </test-method> <!-- setUp -->
        <test-method is-config="true" signature="beforeClassSetup()[pri:0, instance:com.orangeHRM.qa.tests.LoginPageTest@1fb700ee]" started-at="2021-01-25T14:52:34Z" name="beforeClassSetup" finished-at="2021-01-25T14:52:34Z" duration-ms="0" status="PASS">
          <reporter-output>
          </reporter-output>
        </test-method> <!-- beforeClassSetup -->
        <test-method signature="LoginErrMsgTest()[pri:0, instance:com.orangeHRM.qa.tests.LoginPageTest@1fb700ee]" started-at="2021-01-25T14:52:34Z" name="LoginErrMsgTest" finished-at="2021-01-25T14:52:34Z" duration-ms="240" status="PASS">
          <reporter-output>
          </reporter-output>
        </test-method> <!-- LoginErrMsgTest -->
        <test-method signature="footerlinkTest()[pri:0, instance:com.orangeHRM.qa.tests.LoginPageTest@1fb700ee]" started-at="2021-01-25T14:52:34Z" name="footerlinkTest" finished-at="2021-01-25T14:52:34Z" duration-ms="101" status="PASS">
          <reporter-output>
          </reporter-output>
        </test-method> <!-- footerlinkTest -->
        <test-method signature="incorrectUsrPwdTest()[pri:0, instance:com.orangeHRM.qa.tests.LoginPageTest@1fb700ee]" started-at="2021-01-25T14:52:34Z" name="incorrectUsrPwdTest" finished-at="2021-01-25T14:52:37Z" duration-ms="2274" status="PASS">
          <reporter-output>
          </reporter-output>
        </test-method> <!-- incorrectUsrPwdTest -->
        <test-method signature="titleTest()[pri:0, instance:com.orangeHRM.qa.tests.LoginPageTest@1fb700ee]" started-at="2021-01-25T14:52:37Z" name="titleTest" finished-at="2021-01-25T14:52:37Z" duration-ms="19" status="PASS">
          <reporter-output>
          </reporter-output>
        </test-method> <!-- titleTest -->
        <test-method is-config="true" signature="tearDown()[pri:0, instance:com.orangeHRM.qa.tests.LoginPageTest@1fb700ee]" started-at="2021-01-25T14:52:37Z" name="tearDown" finished-at="2021-01-25T14:52:38Z" duration-ms="1051" status="PASS">
          <reporter-output>
          </reporter-output>
        </test-method> <!-- tearDown -->
      </class> <!-- com.orangeHRM.qa.tests.LoginPageTest -->
    </test> <!-- Home page test -->
    <test started-at="2021-01-25T14:52:25Z" name="Login page test" finished-at="2021-01-25T14:52:40Z" duration-ms="15752">
      <class name="com.orangeHRM.qa.tests.HomePageTest">
        <test-method is-config="true" signature="setUp()[pri:0, instance:com.orangeHRM.qa.tests.HomePageTest@fa36558]" started-at="2021-01-25T14:52:25Z" name="setUp" finished-at="2021-01-25T14:52:34Z" duration-ms="9375" status="PASS">
          <reporter-output>
          </reporter-output>
        </test-method> <!-- setUp -->
        <test-method is-config="true" signature="ClassSetUp()[pri:0, instance:com.orangeHRM.qa.tests.HomePageTest@fa36558]" started-at="2021-01-25T14:52:34Z" name="ClassSetUp" finished-at="2021-01-25T14:52:39Z" duration-ms="4800" status="PASS">
          <reporter-output>
          </reporter-output>
        </test-method> <!-- ClassSetUp -->
        <test-method signature="dasboardPage()[pri:0, instance:com.orangeHRM.qa.tests.HomePageTest@fa36558]" started-at="2021-01-25T14:52:39Z" name="dasboardPage" finished-at="2021-01-25T14:52:39Z" duration-ms="136" status="PASS">
          <reporter-output>
          </reporter-output>
        </test-method> <!-- dasboardPage -->
        <test-method is-config="true" signature="tearDown()[pri:0, instance:com.orangeHRM.qa.tests.HomePageTest@fa36558]" started-at="2021-01-25T14:52:39Z" name="tearDown" finished-at="2021-01-25T14:52:40Z" duration-ms="1424" status="PASS">
          <reporter-output>
          </reporter-output>
        </test-method> <!-- tearDown -->
      </class> <!-- com.orangeHRM.qa.tests.HomePageTest -->
    </test> <!-- Login page test -->
    <test started-at="2021-01-25T14:52:38Z" name="Jobtitles page test" finished-at="2021-01-25T14:53:04Z" duration-ms="26062">
      <class name="com.orangeHRM.qa.tests.JobTitlesPageTest">
        <test-method is-config="true" signature="setUp()[pri:0, instance:com.orangeHRM.qa.tests.JobTitlesPageTest@306cf3ea]" started-at="2021-01-25T14:52:38Z" name="setUp" finished-at="2021-01-25T14:52:45Z" duration-ms="6765" status="PASS">
          <reporter-output>
          </reporter-output>
        </test-method> <!-- setUp -->
        <test-method is-config="true" signature="testSetup()[pri:0, instance:com.orangeHRM.qa.tests.JobTitlesPageTest@306cf3ea]" started-at="2021-01-25T14:52:45Z" name="testSetup" finished-at="2021-01-25T14:52:50Z" depends-on-methods="com.orangeHRM.qa.tests.BaseTest.setUp" duration-ms="5482" status="PASS">
          <reporter-output>
          </reporter-output>
        </test-method> <!-- testSetup -->
        <test-method signature="addJobTitleTest(java.lang.String, java.lang.String, java.lang.String, java.lang.String)[pri:0, instance:com.orangeHRM.qa.tests.JobTitlesPageTest@306cf3ea]" started-at="2021-01-25T14:52:51Z" name="addJobTitleTest" data-provider="getDataForJobTitle" finished-at="2021-01-25T14:52:59Z" duration-ms="7465" status="PASS">
          <params>
            <param index="0">
              <value>
                <![CDATA[ABC2]]>
              </value>
            </param>
            <param index="1">
              <value>
                <![CDATA[ABC2]]>
              </value>
            </param>
            <param index="2">
              <value>
                <![CDATA[C:\Users\Sharmita Bose\Desktop\Interview Prep\Interview.txt]]>
              </value>
            </param>
            <param index="3">
              <value>
                <![CDATA[ABC2]]>
              </value>
            </param>
          </params>
          <reporter-output>
          </reporter-output>
        </test-method> <!-- addJobTitleTest -->
        <test-method signature="addJobTitleTest(java.lang.String, java.lang.String, java.lang.String, java.lang.String)[pri:0, instance:com.orangeHRM.qa.tests.JobTitlesPageTest@306cf3ea]" started-at="2021-01-25T14:52:59Z" name="addJobTitleTest" data-provider="getDataForJobTitle" finished-at="2021-01-25T14:53:01Z" duration-ms="2339" status="PASS">
          <params>
            <param index="0">
              <value>
                <![CDATA[ABC3]]>
              </value>
            </param>
            <param index="1">
              <value>
                <![CDATA[ABC3]]>
              </value>
            </param>
            <param index="2">
              <value>
                <![CDATA[C:\Users\Sharmita Bose\Desktop\Interview Prep\Interview.txt]]>
              </value>
            </param>
            <param index="3">
              <value>
                <![CDATA[ABC3]]>
              </value>
            </param>
          </params>
          <reporter-output>
          </reporter-output>
        </test-method> <!-- addJobTitleTest -->
        <test-method signature="addJobTitleTest(java.lang.String, java.lang.String, java.lang.String, java.lang.String)[pri:0, instance:com.orangeHRM.qa.tests.JobTitlesPageTest@306cf3ea]" started-at="2021-01-25T14:53:01Z" name="addJobTitleTest" data-provider="getDataForJobTitle" finished-at="2021-01-25T14:53:03Z" duration-ms="2180" status="PASS">
          <params>
            <param index="0">
              <value>
                <![CDATA[ABC4]]>
              </value>
            </param>
            <param index="1">
              <value>
                <![CDATA[ABC4]]>
              </value>
            </param>
            <param index="2">
              <value>
                <![CDATA[C:\Users\Sharmita Bose\Desktop\Interview Prep\Interview.txt]]>
              </value>
            </param>
            <param index="3">
              <value>
                <![CDATA[ABC4]]>
              </value>
            </param>
          </params>
          <reporter-output>
          </reporter-output>
        </test-method> <!-- addJobTitleTest -->
        <test-method signature="jobPageTitleTest()[pri:0, instance:com.orangeHRM.qa.tests.JobTitlesPageTest@306cf3ea]" started-at="2021-01-25T14:53:03Z" name="jobPageTitleTest" finished-at="2021-01-25T14:53:03Z" duration-ms="54" status="PASS">
          <reporter-output>
          </reporter-output>
        </test-method> <!-- jobPageTitleTest -->
        <test-method is-config="true" signature="tearDown()[pri:0, instance:com.orangeHRM.qa.tests.JobTitlesPageTest@306cf3ea]" started-at="2021-01-25T14:53:03Z" name="tearDown" finished-at="2021-01-25T14:53:04Z" duration-ms="664" status="PASS">
          <reporter-output>
          </reporter-output>
        </test-method> <!-- tearDown -->
      </class> <!-- com.orangeHRM.qa.tests.JobTitlesPageTest -->
    </test> <!-- Jobtitles page test -->
  </suite> <!-- BaseTestExecutionEx -->
</testng-results>
